<?xml version="1.0" encoding="UTF-8"?>
<testsuite xmlns:xsi="http://www.w3.org/2001/XMLSchema-instance" xsi:noNamespaceSchemaLocation="https://maven.apache.org/surefire/maven-surefire-plugin/xsd/surefire-test-report-3.0.xsd" version="3.0" name="com.example.storedproc.unit.MixedRepositoriesTest" time="0.061" tests="1" errors="1" skipped="0" failures="0">
  <properties>
    <property name="java.specification.version" value="23"/>
    <property name="sun.jnu.encoding" value="UTF-8"/>
    <property name="java.class.path" value="/Users/bers/Downloads/stored-procedure-library/target/test-classes:/Users/bers/Downloads/stored-procedure-library/target/classes:/Users/bers/.m2/repository/org/springframework/spring-core/6.2.0/spring-core-6.2.0.jar:/Users/bers/.m2/repository/org/springframework/spring-jcl/6.2.0/spring-jcl-6.2.0.jar:/Users/bers/.m2/repository/org/springframework/spring-context/6.2.0/spring-context-6.2.0.jar:/Users/bers/.m2/repository/org/springframework/spring-aop/6.2.0/spring-aop-6.2.0.jar:/Users/bers/.m2/repository/org/springframework/spring-beans/6.2.0/spring-beans-6.2.0.jar:/Users/bers/.m2/repository/org/springframework/spring-expression/6.2.0/spring-expression-6.2.0.jar:/Users/bers/.m2/repository/io/micrometer/micrometer-observation/1.14.0/micrometer-observation-1.14.0.jar:/Users/bers/.m2/repository/io/micrometer/micrometer-commons/1.14.0/micrometer-commons-1.14.0.jar:/Users/bers/.m2/repository/org/springframework/boot/spring-boot-autoconfigure/3.4.0/spring-boot-autoconfigure-3.4.0.jar:/Users/bers/.m2/repository/org/springframework/boot/spring-boot/3.4.0/spring-boot-3.4.0.jar:/Users/bers/.m2/repository/org/springframework/boot/spring-boot-starter-data-jpa/3.4.0/spring-boot-starter-data-jpa-3.4.0.jar:/Users/bers/.m2/repository/org/springframework/boot/spring-boot-starter/3.4.0/spring-boot-starter-3.4.0.jar:/Users/bers/.m2/repository/org/springframework/boot/spring-boot-starter-logging/3.4.0/spring-boot-starter-logging-3.4.0.jar:/Users/bers/.m2/repository/ch/qos/logback/logback-classic/1.5.12/logback-classic-1.5.12.jar:/Users/bers/.m2/repository/ch/qos/logback/logback-core/1.5.12/logback-core-1.5.12.jar:/Users/bers/.m2/repository/org/apache/logging/log4j/log4j-to-slf4j/2.24.1/log4j-to-slf4j-2.24.1.jar:/Users/bers/.m2/repository/org/apache/logging/log4j/log4j-api/2.24.1/log4j-api-2.24.1.jar:/Users/bers/.m2/repository/org/slf4j/jul-to-slf4j/2.0.16/jul-to-slf4j-2.0.16.jar:/Users/bers/.m2/repository/org/yaml/snakeyaml/2.3/snakeyaml-2.3.jar:/Users/bers/.m2/repository/org/springframework/boot/spring-boot-starter-jdbc/3.4.0/spring-boot-starter-jdbc-3.4.0.jar:/Users/bers/.m2/repository/com/zaxxer/HikariCP/5.1.0/HikariCP-5.1.0.jar:/Users/bers/.m2/repository/org/springframework/spring-jdbc/6.2.0/spring-jdbc-6.2.0.jar:/Users/bers/.m2/repository/org/springframework/data/spring-data-jpa/3.4.0/spring-data-jpa-3.4.0.jar:/Users/bers/.m2/repository/org/springframework/spring-orm/6.2.0/spring-orm-6.2.0.jar:/Users/bers/.m2/repository/org/springframework/spring-tx/6.2.0/spring-tx-6.2.0.jar:/Users/bers/.m2/repository/org/springframework/spring-aspects/6.2.0/spring-aspects-6.2.0.jar:/Users/bers/.m2/repository/org/aspectj/aspectjweaver/1.9.22.1/aspectjweaver-1.9.22.1.jar:/Users/bers/.m2/repository/org/springframework/boot/spring-boot-starter-data-r2dbc/3.4.0/spring-boot-starter-data-r2dbc-3.4.0.jar:/Users/bers/.m2/repository/org/springframework/data/spring-data-r2dbc/3.4.0/spring-data-r2dbc-3.4.0.jar:/Users/bers/.m2/repository/org/springframework/data/spring-data-relational/3.4.0/spring-data-relational-3.4.0.jar:/Users/bers/.m2/repository/org/springframework/spring-r2dbc/6.2.0/spring-r2dbc-6.2.0.jar:/Users/bers/.m2/repository/io/r2dbc/r2dbc-pool/1.0.2.RELEASE/r2dbc-pool-1.0.2.RELEASE.jar:/Users/bers/.m2/repository/io/projectreactor/addons/reactor-pool/1.0.8/reactor-pool-1.0.8.jar:/Users/bers/.m2/repository/org/springframework/data/spring-data-commons/3.4.1/spring-data-commons-3.4.1.jar:/Users/bers/.m2/repository/jakarta/persistence/jakarta.persistence-api/3.2.0/jakarta.persistence-api-3.2.0.jar:/Users/bers/.m2/repository/io/r2dbc/r2dbc-spi/1.0.0.RELEASE/r2dbc-spi-1.0.0.RELEASE.jar:/Users/bers/.m2/repository/org/reactivestreams/reactive-streams/1.0.3/reactive-streams-1.0.3.jar:/Users/bers/.m2/repository/org/reflections/reflections/0.10.2/reflections-0.10.2.jar:/Users/bers/.m2/repository/org/javassist/javassist/3.28.0-GA/javassist-3.28.0-GA.jar:/Users/bers/.m2/repository/com/google/code/findbugs/jsr305/3.0.2/jsr305-3.0.2.jar:/Users/bers/.m2/repository/javax/annotation/javax.annotation-api/1.3.2/javax.annotation-api-1.3.2.jar:/Users/bers/.m2/repository/jakarta/annotation/jakarta.annotation-api/3.0.0/jakarta.annotation-api-3.0.0.jar:/Users/bers/.m2/repository/org/hibernate/orm/hibernate-core/7.0.0.Beta3/hibernate-core-7.0.0.Beta3.jar:/Users/bers/.m2/repository/jakarta/transaction/jakarta.transaction-api/2.0.1/jakarta.transaction-api-2.0.1.jar:/Users/bers/.m2/repository/org/jboss/logging/jboss-logging/3.6.1.Final/jboss-logging-3.6.1.Final.jar:/Users/bers/.m2/repository/org/hibernate/models/hibernate-models/0.9.3/hibernate-models-0.9.3.jar:/Users/bers/.m2/repository/com/fasterxml/classmate/1.7.0/classmate-1.7.0.jar:/Users/bers/.m2/repository/net/bytebuddy/byte-buddy/1.15.10/byte-buddy-1.15.10.jar:/Users/bers/.m2/repository/jakarta/xml/bind/jakarta.xml.bind-api/4.0.2/jakarta.xml.bind-api-4.0.2.jar:/Users/bers/.m2/repository/jakarta/activation/jakarta.activation-api/2.1.3/jakarta.activation-api-2.1.3.jar:/Users/bers/.m2/repository/org/glassfish/jaxb/jaxb-runtime/4.0.5/jaxb-runtime-4.0.5.jar:/Users/bers/.m2/repository/org/glassfish/jaxb/jaxb-core/4.0.5/jaxb-core-4.0.5.jar:/Users/bers/.m2/repository/org/eclipse/angus/angus-activation/2.0.2/angus-activation-2.0.2.jar:/Users/bers/.m2/repository/org/glassfish/jaxb/txw2/4.0.5/txw2-4.0.5.jar:/Users/bers/.m2/repository/com/sun/istack/istack-commons-runtime/4.1.2/istack-commons-runtime-4.1.2.jar:/Users/bers/.m2/repository/jakarta/inject/jakarta.inject-api/2.0.1/jakarta.inject-api-2.0.1.jar:/Users/bers/.m2/repository/org/antlr/antlr4-runtime/4.13.2/antlr4-runtime-4.13.2.jar:/Users/bers/.m2/repository/org/postgresql/postgresql/42.7.4/postgresql-42.7.4.jar:/Users/bers/.m2/repository/org/checkerframework/checker-qual/3.42.0/checker-qual-3.42.0.jar:/Users/bers/.m2/repository/org/slf4j/slf4j-api/2.0.16/slf4j-api-2.0.16.jar:/Users/bers/.m2/repository/org/springframework/boot/spring-boot-starter-test/3.4.0/spring-boot-starter-test-3.4.0.jar:/Users/bers/.m2/repository/org/springframework/boot/spring-boot-test/3.4.0/spring-boot-test-3.4.0.jar:/Users/bers/.m2/repository/org/springframework/boot/spring-boot-test-autoconfigure/3.4.0/spring-boot-test-autoconfigure-3.4.0.jar:/Users/bers/.m2/repository/com/jayway/jsonpath/json-path/2.9.0/json-path-2.9.0.jar:/Users/bers/.m2/repository/net/minidev/json-smart/2.5.1/json-smart-2.5.1.jar:/Users/bers/.m2/repository/net/minidev/accessors-smart/2.5.1/accessors-smart-2.5.1.jar:/Users/bers/.m2/repository/org/ow2/asm/asm/9.6/asm-9.6.jar:/Users/bers/.m2/repository/org/awaitility/awaitility/4.2.2/awaitility-4.2.2.jar:/Users/bers/.m2/repository/org/hamcrest/hamcrest/2.2/hamcrest-2.2.jar:/Users/bers/.m2/repository/org/skyscreamer/jsonassert/1.5.3/jsonassert-1.5.3.jar:/Users/bers/.m2/repository/com/vaadin/external/google/android-json/0.0.20131108.vaadin1/android-json-0.0.20131108.vaadin1.jar:/Users/bers/.m2/repository/org/springframework/spring-test/6.2.0/spring-test-6.2.0.jar:/Users/bers/.m2/repository/org/xmlunit/xmlunit-core/2.10.0/xmlunit-core-2.10.0.jar:/Users/bers/.m2/repository/org/testcontainers/postgresql/1.20.4/postgresql-1.20.4.jar:/Users/bers/.m2/repository/org/testcontainers/jdbc/1.20.4/jdbc-1.20.4.jar:/Users/bers/.m2/repository/org/testcontainers/database-commons/1.20.4/database-commons-1.20.4.jar:/Users/bers/.m2/repository/org/junit/jupiter/junit-jupiter/5.11.3/junit-jupiter-5.11.3.jar:/Users/bers/.m2/repository/org/junit/jupiter/junit-jupiter-params/5.11.3/junit-jupiter-params-5.11.3.jar:/Users/bers/.m2/repository/org/junit/jupiter/junit-jupiter-engine/5.11.3/junit-jupiter-engine-5.11.3.jar:/Users/bers/.m2/repository/org/junit/platform/junit-platform-engine/1.11.3/junit-platform-engine-1.11.3.jar:/Users/bers/.m2/repository/org/mockito/mockito-core/5.14.2/mockito-core-5.14.2.jar:/Users/bers/.m2/repository/net/bytebuddy/byte-buddy-agent/1.15.4/byte-buddy-agent-1.15.4.jar:/Users/bers/.m2/repository/org/objenesis/objenesis/3.3/objenesis-3.3.jar:/Users/bers/.m2/repository/org/junit/jupiter/junit-jupiter-api/5.11.3/junit-jupiter-api-5.11.3.jar:/Users/bers/.m2/repository/org/opentest4j/opentest4j/1.3.0/opentest4j-1.3.0.jar:/Users/bers/.m2/repository/org/junit/platform/junit-platform-commons/1.11.3/junit-platform-commons-1.11.3.jar:/Users/bers/.m2/repository/org/apiguardian/apiguardian-api/1.1.2/apiguardian-api-1.1.2.jar:/Users/bers/.m2/repository/org/postgresql/r2dbc-postgresql/1.0.4.RELEASE/r2dbc-postgresql-1.0.4.RELEASE.jar:/Users/bers/.m2/repository/com/ongres/scram/client/2.1/client-2.1.jar:/Users/bers/.m2/repository/com/ongres/scram/common/2.1/common-2.1.jar:/Users/bers/.m2/repository/com/ongres/stringprep/saslprep/1.1/saslprep-1.1.jar:/Users/bers/.m2/repository/com/ongres/stringprep/stringprep/1.1/stringprep-1.1.jar:/Users/bers/.m2/repository/io/projectreactor/netty/reactor-netty-core/1.1.15/reactor-netty-core-1.1.15.jar:/Users/bers/.m2/repository/io/netty/netty-handler/4.1.104.Final/netty-handler-4.1.104.Final.jar:/Users/bers/.m2/repository/io/netty/netty-common/4.1.104.Final/netty-common-4.1.104.Final.jar:/Users/bers/.m2/repository/io/netty/netty-resolver/4.1.104.Final/netty-resolver-4.1.104.Final.jar:/Users/bers/.m2/repository/io/netty/netty-buffer/4.1.104.Final/netty-buffer-4.1.104.Final.jar:/Users/bers/.m2/repository/io/netty/netty-transport/4.1.104.Final/netty-transport-4.1.104.Final.jar:/Users/bers/.m2/repository/io/netty/netty-transport-native-unix-common/4.1.104.Final/netty-transport-native-unix-common-4.1.104.Final.jar:/Users/bers/.m2/repository/io/netty/netty-codec/4.1.104.Final/netty-codec-4.1.104.Final.jar:/Users/bers/.m2/repository/io/netty/netty-handler-proxy/4.1.104.Final/netty-handler-proxy-4.1.104.Final.jar:/Users/bers/.m2/repository/io/netty/netty-codec-socks/4.1.104.Final/netty-codec-socks-4.1.104.Final.jar:/Users/bers/.m2/repository/io/netty/netty-codec-http/4.1.104.Final/netty-codec-http-4.1.104.Final.jar:/Users/bers/.m2/repository/io/netty/netty-resolver-dns/4.1.104.Final/netty-resolver-dns-4.1.104.Final.jar:/Users/bers/.m2/repository/io/netty/netty-codec-dns/4.1.104.Final/netty-codec-dns-4.1.104.Final.jar:/Users/bers/.m2/repository/io/netty/netty-resolver-dns-native-macos/4.1.104.Final/netty-resolver-dns-native-macos-4.1.104.Final-osx-x86_64.jar:/Users/bers/.m2/repository/io/netty/netty-resolver-dns-classes-macos/4.1.104.Final/netty-resolver-dns-classes-macos-4.1.104.Final.jar:/Users/bers/.m2/repository/io/netty/netty-transport-native-epoll/4.1.104.Final/netty-transport-native-epoll-4.1.104.Final-linux-x86_64.jar:/Users/bers/.m2/repository/io/netty/netty-transport-classes-epoll/4.1.104.Final/netty-transport-classes-epoll-4.1.104.Final.jar:/Users/bers/.m2/repository/io/projectreactor/reactor-test/3.7.1/reactor-test-3.7.1.jar:/Users/bers/.m2/repository/org/mockito/mockito-junit-jupiter/5.14.2/mockito-junit-jupiter-5.14.2.jar:/Users/bers/.m2/repository/org/assertj/assertj-core/3.26.3/assertj-core-3.26.3.jar:/Users/bers/.m2/repository/io/projectreactor/reactor-core/3.7.1/reactor-core-3.7.1.jar:/Users/bers/.m2/repository/org/testcontainers/junit-jupiter/1.20.4/junit-jupiter-1.20.4.jar:/Users/bers/.m2/repository/org/testcontainers/testcontainers/1.20.4/testcontainers-1.20.4.jar:/Users/bers/.m2/repository/junit/junit/4.13.2/junit-4.13.2.jar:/Users/bers/.m2/repository/org/hamcrest/hamcrest-core/1.3/hamcrest-core-1.3.jar:/Users/bers/.m2/repository/org/apache/commons/commons-compress/1.24.0/commons-compress-1.24.0.jar:/Users/bers/.m2/repository/org/rnorth/duct-tape/duct-tape/1.0.8/duct-tape-1.0.8.jar:/Users/bers/.m2/repository/org/jetbrains/annotations/17.0.0/annotations-17.0.0.jar:/Users/bers/.m2/repository/com/github/docker-java/docker-java-api/3.4.0/docker-java-api-3.4.0.jar:/Users/bers/.m2/repository/com/fasterxml/jackson/core/jackson-annotations/2.10.3/jackson-annotations-2.10.3.jar:/Users/bers/.m2/repository/com/github/docker-java/docker-java-transport-zerodep/3.4.0/docker-java-transport-zerodep-3.4.0.jar:/Users/bers/.m2/repository/com/github/docker-java/docker-java-transport/3.4.0/docker-java-transport-3.4.0.jar:/Users/bers/.m2/repository/net/java/dev/jna/jna/5.13.0/jna-5.13.0.jar:"/>
    <property name="java.vm.vendor" value="BellSoft"/>
    <property name="sun.arch.data.model" value="64"/>
    <property name="java.vendor.url" value="https://bell-sw.com/"/>
    <property name="user.timezone" value="Europe/Moscow"/>
    <property name="org.jboss.logging.provider" value="slf4j"/>
    <property name="os.name" value="Mac OS X"/>
    <property name="java.vm.specification.version" value="23"/>
    <property name="sun.java.launcher" value="SUN_STANDARD"/>
    <property name="user.country" value="RU"/>
    <property name="sun.boot.library.path" value="/Users/bers/.sdkman/candidates/java/24.1.1.r23-nik/lib"/>
    <property name="sun.java.command" value="/Users/bers/Downloads/stored-procedure-library/target/surefire/surefirebooter-20241220165716039_3.jar /Users/bers/Downloads/stored-procedure-library/target/surefire 2024-12-20T16-57-15_940-jvmRun1 surefire-20241220165716039_1tmp surefire_0-20241220165716039_2tmp"/>
    <property name="http.nonProxyHosts" value="local|*.local|169.254/16|*.169.254/16"/>
    <property name="jdk.debug" value="release"/>
    <property name="surefire.test.class.path" value="/Users/bers/Downloads/stored-procedure-library/target/test-classes:/Users/bers/Downloads/stored-procedure-library/target/classes:/Users/bers/.m2/repository/org/springframework/spring-core/6.2.0/spring-core-6.2.0.jar:/Users/bers/.m2/repository/org/springframework/spring-jcl/6.2.0/spring-jcl-6.2.0.jar:/Users/bers/.m2/repository/org/springframework/spring-context/6.2.0/spring-context-6.2.0.jar:/Users/bers/.m2/repository/org/springframework/spring-aop/6.2.0/spring-aop-6.2.0.jar:/Users/bers/.m2/repository/org/springframework/spring-beans/6.2.0/spring-beans-6.2.0.jar:/Users/bers/.m2/repository/org/springframework/spring-expression/6.2.0/spring-expression-6.2.0.jar:/Users/bers/.m2/repository/io/micrometer/micrometer-observation/1.14.0/micrometer-observation-1.14.0.jar:/Users/bers/.m2/repository/io/micrometer/micrometer-commons/1.14.0/micrometer-commons-1.14.0.jar:/Users/bers/.m2/repository/org/springframework/boot/spring-boot-autoconfigure/3.4.0/spring-boot-autoconfigure-3.4.0.jar:/Users/bers/.m2/repository/org/springframework/boot/spring-boot/3.4.0/spring-boot-3.4.0.jar:/Users/bers/.m2/repository/org/springframework/boot/spring-boot-starter-data-jpa/3.4.0/spring-boot-starter-data-jpa-3.4.0.jar:/Users/bers/.m2/repository/org/springframework/boot/spring-boot-starter/3.4.0/spring-boot-starter-3.4.0.jar:/Users/bers/.m2/repository/org/springframework/boot/spring-boot-starter-logging/3.4.0/spring-boot-starter-logging-3.4.0.jar:/Users/bers/.m2/repository/ch/qos/logback/logback-classic/1.5.12/logback-classic-1.5.12.jar:/Users/bers/.m2/repository/ch/qos/logback/logback-core/1.5.12/logback-core-1.5.12.jar:/Users/bers/.m2/repository/org/apache/logging/log4j/log4j-to-slf4j/2.24.1/log4j-to-slf4j-2.24.1.jar:/Users/bers/.m2/repository/org/apache/logging/log4j/log4j-api/2.24.1/log4j-api-2.24.1.jar:/Users/bers/.m2/repository/org/slf4j/jul-to-slf4j/2.0.16/jul-to-slf4j-2.0.16.jar:/Users/bers/.m2/repository/org/yaml/snakeyaml/2.3/snakeyaml-2.3.jar:/Users/bers/.m2/repository/org/springframework/boot/spring-boot-starter-jdbc/3.4.0/spring-boot-starter-jdbc-3.4.0.jar:/Users/bers/.m2/repository/com/zaxxer/HikariCP/5.1.0/HikariCP-5.1.0.jar:/Users/bers/.m2/repository/org/springframework/spring-jdbc/6.2.0/spring-jdbc-6.2.0.jar:/Users/bers/.m2/repository/org/springframework/data/spring-data-jpa/3.4.0/spring-data-jpa-3.4.0.jar:/Users/bers/.m2/repository/org/springframework/spring-orm/6.2.0/spring-orm-6.2.0.jar:/Users/bers/.m2/repository/org/springframework/spring-tx/6.2.0/spring-tx-6.2.0.jar:/Users/bers/.m2/repository/org/springframework/spring-aspects/6.2.0/spring-aspects-6.2.0.jar:/Users/bers/.m2/repository/org/aspectj/aspectjweaver/1.9.22.1/aspectjweaver-1.9.22.1.jar:/Users/bers/.m2/repository/org/springframework/boot/spring-boot-starter-data-r2dbc/3.4.0/spring-boot-starter-data-r2dbc-3.4.0.jar:/Users/bers/.m2/repository/org/springframework/data/spring-data-r2dbc/3.4.0/spring-data-r2dbc-3.4.0.jar:/Users/bers/.m2/repository/org/springframework/data/spring-data-relational/3.4.0/spring-data-relational-3.4.0.jar:/Users/bers/.m2/repository/org/springframework/spring-r2dbc/6.2.0/spring-r2dbc-6.2.0.jar:/Users/bers/.m2/repository/io/r2dbc/r2dbc-pool/1.0.2.RELEASE/r2dbc-pool-1.0.2.RELEASE.jar:/Users/bers/.m2/repository/io/projectreactor/addons/reactor-pool/1.0.8/reactor-pool-1.0.8.jar:/Users/bers/.m2/repository/org/springframework/data/spring-data-commons/3.4.1/spring-data-commons-3.4.1.jar:/Users/bers/.m2/repository/jakarta/persistence/jakarta.persistence-api/3.2.0/jakarta.persistence-api-3.2.0.jar:/Users/bers/.m2/repository/io/r2dbc/r2dbc-spi/1.0.0.RELEASE/r2dbc-spi-1.0.0.RELEASE.jar:/Users/bers/.m2/repository/org/reactivestreams/reactive-streams/1.0.3/reactive-streams-1.0.3.jar:/Users/bers/.m2/repository/org/reflections/reflections/0.10.2/reflections-0.10.2.jar:/Users/bers/.m2/repository/org/javassist/javassist/3.28.0-GA/javassist-3.28.0-GA.jar:/Users/bers/.m2/repository/com/google/code/findbugs/jsr305/3.0.2/jsr305-3.0.2.jar:/Users/bers/.m2/repository/javax/annotation/javax.annotation-api/1.3.2/javax.annotation-api-1.3.2.jar:/Users/bers/.m2/repository/jakarta/annotation/jakarta.annotation-api/3.0.0/jakarta.annotation-api-3.0.0.jar:/Users/bers/.m2/repository/org/hibernate/orm/hibernate-core/7.0.0.Beta3/hibernate-core-7.0.0.Beta3.jar:/Users/bers/.m2/repository/jakarta/transaction/jakarta.transaction-api/2.0.1/jakarta.transaction-api-2.0.1.jar:/Users/bers/.m2/repository/org/jboss/logging/jboss-logging/3.6.1.Final/jboss-logging-3.6.1.Final.jar:/Users/bers/.m2/repository/org/hibernate/models/hibernate-models/0.9.3/hibernate-models-0.9.3.jar:/Users/bers/.m2/repository/com/fasterxml/classmate/1.7.0/classmate-1.7.0.jar:/Users/bers/.m2/repository/net/bytebuddy/byte-buddy/1.15.10/byte-buddy-1.15.10.jar:/Users/bers/.m2/repository/jakarta/xml/bind/jakarta.xml.bind-api/4.0.2/jakarta.xml.bind-api-4.0.2.jar:/Users/bers/.m2/repository/jakarta/activation/jakarta.activation-api/2.1.3/jakarta.activation-api-2.1.3.jar:/Users/bers/.m2/repository/org/glassfish/jaxb/jaxb-runtime/4.0.5/jaxb-runtime-4.0.5.jar:/Users/bers/.m2/repository/org/glassfish/jaxb/jaxb-core/4.0.5/jaxb-core-4.0.5.jar:/Users/bers/.m2/repository/org/eclipse/angus/angus-activation/2.0.2/angus-activation-2.0.2.jar:/Users/bers/.m2/repository/org/glassfish/jaxb/txw2/4.0.5/txw2-4.0.5.jar:/Users/bers/.m2/repository/com/sun/istack/istack-commons-runtime/4.1.2/istack-commons-runtime-4.1.2.jar:/Users/bers/.m2/repository/jakarta/inject/jakarta.inject-api/2.0.1/jakarta.inject-api-2.0.1.jar:/Users/bers/.m2/repository/org/antlr/antlr4-runtime/4.13.2/antlr4-runtime-4.13.2.jar:/Users/bers/.m2/repository/org/postgresql/postgresql/42.7.4/postgresql-42.7.4.jar:/Users/bers/.m2/repository/org/checkerframework/checker-qual/3.42.0/checker-qual-3.42.0.jar:/Users/bers/.m2/repository/org/slf4j/slf4j-api/2.0.16/slf4j-api-2.0.16.jar:/Users/bers/.m2/repository/org/springframework/boot/spring-boot-starter-test/3.4.0/spring-boot-starter-test-3.4.0.jar:/Users/bers/.m2/repository/org/springframework/boot/spring-boot-test/3.4.0/spring-boot-test-3.4.0.jar:/Users/bers/.m2/repository/org/springframework/boot/spring-boot-test-autoconfigure/3.4.0/spring-boot-test-autoconfigure-3.4.0.jar:/Users/bers/.m2/repository/com/jayway/jsonpath/json-path/2.9.0/json-path-2.9.0.jar:/Users/bers/.m2/repository/net/minidev/json-smart/2.5.1/json-smart-2.5.1.jar:/Users/bers/.m2/repository/net/minidev/accessors-smart/2.5.1/accessors-smart-2.5.1.jar:/Users/bers/.m2/repository/org/ow2/asm/asm/9.6/asm-9.6.jar:/Users/bers/.m2/repository/org/awaitility/awaitility/4.2.2/awaitility-4.2.2.jar:/Users/bers/.m2/repository/org/hamcrest/hamcrest/2.2/hamcrest-2.2.jar:/Users/bers/.m2/repository/org/skyscreamer/jsonassert/1.5.3/jsonassert-1.5.3.jar:/Users/bers/.m2/repository/com/vaadin/external/google/android-json/0.0.20131108.vaadin1/android-json-0.0.20131108.vaadin1.jar:/Users/bers/.m2/repository/org/springframework/spring-test/6.2.0/spring-test-6.2.0.jar:/Users/bers/.m2/repository/org/xmlunit/xmlunit-core/2.10.0/xmlunit-core-2.10.0.jar:/Users/bers/.m2/repository/org/testcontainers/postgresql/1.20.4/postgresql-1.20.4.jar:/Users/bers/.m2/repository/org/testcontainers/jdbc/1.20.4/jdbc-1.20.4.jar:/Users/bers/.m2/repository/org/testcontainers/database-commons/1.20.4/database-commons-1.20.4.jar:/Users/bers/.m2/repository/org/junit/jupiter/junit-jupiter/5.11.3/junit-jupiter-5.11.3.jar:/Users/bers/.m2/repository/org/junit/jupiter/junit-jupiter-params/5.11.3/junit-jupiter-params-5.11.3.jar:/Users/bers/.m2/repository/org/junit/jupiter/junit-jupiter-engine/5.11.3/junit-jupiter-engine-5.11.3.jar:/Users/bers/.m2/repository/org/junit/platform/junit-platform-engine/1.11.3/junit-platform-engine-1.11.3.jar:/Users/bers/.m2/repository/org/mockito/mockito-core/5.14.2/mockito-core-5.14.2.jar:/Users/bers/.m2/repository/net/bytebuddy/byte-buddy-agent/1.15.4/byte-buddy-agent-1.15.4.jar:/Users/bers/.m2/repository/org/objenesis/objenesis/3.3/objenesis-3.3.jar:/Users/bers/.m2/repository/org/junit/jupiter/junit-jupiter-api/5.11.3/junit-jupiter-api-5.11.3.jar:/Users/bers/.m2/repository/org/opentest4j/opentest4j/1.3.0/opentest4j-1.3.0.jar:/Users/bers/.m2/repository/org/junit/platform/junit-platform-commons/1.11.3/junit-platform-commons-1.11.3.jar:/Users/bers/.m2/repository/org/apiguardian/apiguardian-api/1.1.2/apiguardian-api-1.1.2.jar:/Users/bers/.m2/repository/org/postgresql/r2dbc-postgresql/1.0.4.RELEASE/r2dbc-postgresql-1.0.4.RELEASE.jar:/Users/bers/.m2/repository/com/ongres/scram/client/2.1/client-2.1.jar:/Users/bers/.m2/repository/com/ongres/scram/common/2.1/common-2.1.jar:/Users/bers/.m2/repository/com/ongres/stringprep/saslprep/1.1/saslprep-1.1.jar:/Users/bers/.m2/repository/com/ongres/stringprep/stringprep/1.1/stringprep-1.1.jar:/Users/bers/.m2/repository/io/projectreactor/netty/reactor-netty-core/1.1.15/reactor-netty-core-1.1.15.jar:/Users/bers/.m2/repository/io/netty/netty-handler/4.1.104.Final/netty-handler-4.1.104.Final.jar:/Users/bers/.m2/repository/io/netty/netty-common/4.1.104.Final/netty-common-4.1.104.Final.jar:/Users/bers/.m2/repository/io/netty/netty-resolver/4.1.104.Final/netty-resolver-4.1.104.Final.jar:/Users/bers/.m2/repository/io/netty/netty-buffer/4.1.104.Final/netty-buffer-4.1.104.Final.jar:/Users/bers/.m2/repository/io/netty/netty-transport/4.1.104.Final/netty-transport-4.1.104.Final.jar:/Users/bers/.m2/repository/io/netty/netty-transport-native-unix-common/4.1.104.Final/netty-transport-native-unix-common-4.1.104.Final.jar:/Users/bers/.m2/repository/io/netty/netty-codec/4.1.104.Final/netty-codec-4.1.104.Final.jar:/Users/bers/.m2/repository/io/netty/netty-handler-proxy/4.1.104.Final/netty-handler-proxy-4.1.104.Final.jar:/Users/bers/.m2/repository/io/netty/netty-codec-socks/4.1.104.Final/netty-codec-socks-4.1.104.Final.jar:/Users/bers/.m2/repository/io/netty/netty-codec-http/4.1.104.Final/netty-codec-http-4.1.104.Final.jar:/Users/bers/.m2/repository/io/netty/netty-resolver-dns/4.1.104.Final/netty-resolver-dns-4.1.104.Final.jar:/Users/bers/.m2/repository/io/netty/netty-codec-dns/4.1.104.Final/netty-codec-dns-4.1.104.Final.jar:/Users/bers/.m2/repository/io/netty/netty-resolver-dns-native-macos/4.1.104.Final/netty-resolver-dns-native-macos-4.1.104.Final-osx-x86_64.jar:/Users/bers/.m2/repository/io/netty/netty-resolver-dns-classes-macos/4.1.104.Final/netty-resolver-dns-classes-macos-4.1.104.Final.jar:/Users/bers/.m2/repository/io/netty/netty-transport-native-epoll/4.1.104.Final/netty-transport-native-epoll-4.1.104.Final-linux-x86_64.jar:/Users/bers/.m2/repository/io/netty/netty-transport-classes-epoll/4.1.104.Final/netty-transport-classes-epoll-4.1.104.Final.jar:/Users/bers/.m2/repository/io/projectreactor/reactor-test/3.7.1/reactor-test-3.7.1.jar:/Users/bers/.m2/repository/org/mockito/mockito-junit-jupiter/5.14.2/mockito-junit-jupiter-5.14.2.jar:/Users/bers/.m2/repository/org/assertj/assertj-core/3.26.3/assertj-core-3.26.3.jar:/Users/bers/.m2/repository/io/projectreactor/reactor-core/3.7.1/reactor-core-3.7.1.jar:/Users/bers/.m2/repository/org/testcontainers/junit-jupiter/1.20.4/junit-jupiter-1.20.4.jar:/Users/bers/.m2/repository/org/testcontainers/testcontainers/1.20.4/testcontainers-1.20.4.jar:/Users/bers/.m2/repository/junit/junit/4.13.2/junit-4.13.2.jar:/Users/bers/.m2/repository/org/hamcrest/hamcrest-core/1.3/hamcrest-core-1.3.jar:/Users/bers/.m2/repository/org/apache/commons/commons-compress/1.24.0/commons-compress-1.24.0.jar:/Users/bers/.m2/repository/org/rnorth/duct-tape/duct-tape/1.0.8/duct-tape-1.0.8.jar:/Users/bers/.m2/repository/org/jetbrains/annotations/17.0.0/annotations-17.0.0.jar:/Users/bers/.m2/repository/com/github/docker-java/docker-java-api/3.4.0/docker-java-api-3.4.0.jar:/Users/bers/.m2/repository/com/fasterxml/jackson/core/jackson-annotations/2.10.3/jackson-annotations-2.10.3.jar:/Users/bers/.m2/repository/com/github/docker-java/docker-java-transport-zerodep/3.4.0/docker-java-transport-zerodep-3.4.0.jar:/Users/bers/.m2/repository/com/github/docker-java/docker-java-transport/3.4.0/docker-java-transport-3.4.0.jar:/Users/bers/.m2/repository/net/java/dev/jna/jna/5.13.0/jna-5.13.0.jar:"/>
    <property name="sun.cpu.endian" value="little"/>
    <property name="user.home" value="/Users/bers"/>
    <property name="user.language" value="ru"/>
    <property name="java.specification.vendor" value="Oracle Corporation"/>
    <property name="java.version.date" value="2024-10-15"/>
    <property name="java.home" value="/Users/bers/.sdkman/candidates/java/24.1.1.r23-nik"/>
    <property name="file.separator" value="/"/>
    <property name="basedir" value="/Users/bers/Downloads/stored-procedure-library"/>
    <property name="java.vm.compressedOopsMode" value="Zero based"/>
    <property name="jdk.internal.vm.ci.enabled" value="true"/>
    <property name="line.separator" value="&#10;"/>
    <property name="java.vm.specification.vendor" value="Oracle Corporation"/>
    <property name="java.specification.name" value="Java Platform API Specification"/>
    <property name="FILE_LOG_CHARSET" value="UTF-8"/>
    <property name="java.awt.headless" value="true"/>
    <property name="apple.awt.application.name" value="ForkedBooter"/>
    <property name="surefire.real.class.path" value="/Users/bers/Downloads/stored-procedure-library/target/surefire/surefirebooter-20241220165716039_3.jar"/>
    <property name="sun.management.compiler" value="HotSpot 64-Bit Tiered Compilers"/>
    <property name="ftp.nonProxyHosts" value="local|*.local|169.254/16|*.169.254/16"/>
    <property name="java.runtime.version" value="23.0.1+13"/>
    <property name="user.name" value="bers"/>
    <property name="stdout.encoding" value="UTF-8"/>
    <property name="path.separator" value=":"/>
    <property name="os.version" value="15.0.1"/>
    <property name="java.runtime.name" value="OpenJDK Runtime Environment"/>
    <property name="file.encoding" value="UTF-8"/>
    <property name="java.vm.name" value="OpenJDK 64-Bit Server VM"/>
    <property name="java.vendor.version" value="Liberica-NIK-24.1.1-1"/>
    <property name="localRepository" value="/Users/bers/.m2/repository"/>
    <property name="java.vendor.url.bug" value="https://bell-sw.com/support"/>
    <property name="java.io.tmpdir" value="/var/folders/2c/cfx5wdpx6f58jw05qnvy_hbr0000gn/T/"/>
    <property name="java.version" value="23.0.1"/>
    <property name="user.dir" value="/Users/bers/Downloads/stored-procedure-library"/>
    <property name="os.arch" value="x86_64"/>
    <property name="java.vm.specification.name" value="Java Virtual Machine Specification"/>
    <property name="PID" value="67932"/>
    <property name="CONSOLE_LOG_CHARSET" value="UTF-8"/>
    <property name="native.encoding" value="UTF-8"/>
    <property name="java.library.path" value="/Users/bers/Library/Java/Extensions:/Library/Java/Extensions:/Network/Library/Java/Extensions:/System/Library/Java/Extensions:/usr/lib/java:."/>
    <property name="java.vm.info" value="mixed mode, sharing"/>
    <property name="stderr.encoding" value="UTF-8"/>
    <property name="java.vendor" value="BellSoft"/>
    <property name="java.vm.version" value="23.0.1+13"/>
    <property name="sun.io.unicode.encoding" value="UnicodeBig"/>
    <property name="socksNonProxyHosts" value="local|*.local|169.254/16|*.169.254/16"/>
    <property name="java.class.version" value="67.0"/>
  </properties>
  <testcase name="shouldHandleMixedRepositoryCalls" classname="com.example.storedproc.unit.MixedRepositoriesTest" time="0.059">
    <error message="Cannot invoke &quot;com.example.storedproc.core.StoredProcedureMetadata.getReturnTypeInfo()&quot; because &quot;this.metadata&quot; is null" type="java.lang.NullPointerException"><![CDATA[java.lang.NullPointerException: Cannot invoke "com.example.storedproc.core.StoredProcedureMetadata.getReturnTypeInfo()" because "this.metadata" is null
	at com.example.storedproc.core.PreparedProcedureCall.execute(PreparedProcedureCall.java:26)
	at com.example.storedproc.core.StoredProcedureInvocationHandler.invoke(StoredProcedureInvocationHandler.java:48)
	at com.example.storedproc.unit.$Proxy96.findById(Unknown Source)
	at com.example.storedproc.unit.MixedRepositoriesTest.shouldHandleMixedRepositoryCalls(MixedRepositoriesTest.java:119)
	at java.base/java.lang.reflect.Method.invoke(Method.java:580)
	at java.base/java.util.ArrayList.forEach(ArrayList.java:1597)
	at java.base/java.util.ArrayList.forEach(ArrayList.java:1597)
]]></error>
    <system-out><![CDATA[2024-12-20 16:57:19.612 [main] DEBUG o.s.test.util.ReflectionTestUtils - Setting field 'jpaDatabaseAdapter' of type [null] on target object [com.example.storedproc.core.StoredProcedureRepositoryFactoryBean@681e913c] or target class [class com.example.storedproc.core.StoredProcedureRepositoryFactoryBean] to value [jpaDatabaseAdapter]
2024-12-20 16:57:19.612 [main] DEBUG o.s.test.util.ReflectionTestUtils - Setting field 'reactiveDatabaseAdapter' of type [null] on target object [com.example.storedproc.core.StoredProcedureRepositoryFactoryBean@681e913c] or target class [class com.example.storedproc.core.StoredProcedureRepositoryFactoryBean] to value [null]
2024-12-20 16:57:19.613 [main] DEBUG o.s.test.util.ReflectionTestUtils - Setting field 'adapter' of type [null] on target object [com.example.storedproc.core.StoredProcedureRepositoryFactoryBean@681e913c] or target class [class com.example.storedproc.core.StoredProcedureRepositoryFactoryBean] to value [jpaDatabaseAdapter]
2024-12-20 16:57:19.613 [main] DEBUG c.e.s.c.StoredProcedureRepositoryFactoryBean - Creating proxy for repository: com.example.storedproc.unit.MixedRepositoriesTest$UserRepository
2024-12-20 16:57:19.616 [main] DEBUG o.s.test.util.ReflectionTestUtils - Setting field 'jpaDatabaseAdapter' of type [null] on target object [com.example.storedproc.core.StoredProcedureRepositoryFactoryBean@44dfdd58] or target class [class com.example.storedproc.core.StoredProcedureRepositoryFactoryBean] to value [null]
2024-12-20 16:57:19.617 [main] DEBUG o.s.test.util.ReflectionTestUtils - Setting field 'reactiveDatabaseAdapter' of type [null] on target object [com.example.storedproc.core.StoredProcedureRepositoryFactoryBean@44dfdd58] or target class [class com.example.storedproc.core.StoredProcedureRepositoryFactoryBean] to value [reactiveDatabaseAdapter]
2024-12-20 16:57:19.617 [main] DEBUG o.s.test.util.ReflectionTestUtils - Setting field 'adapter' of type [null] on target object [com.example.storedproc.core.StoredProcedureRepositoryFactoryBean@44dfdd58] or target class [class com.example.storedproc.core.StoredProcedureRepositoryFactoryBean] to value [reactiveDatabaseAdapter]
2024-12-20 16:57:19.617 [main] DEBUG c.e.s.c.StoredProcedureRepositoryFactoryBean - Creating proxy for repository: com.example.storedproc.unit.MixedRepositoriesTest$OrderRepository
]]></system-out>
  </testcase>
</testsuite>